Connecting to database specified by database.yml
Connecting to database specified by database.yml
Connecting to database specified by database.yml
Connecting to database specified by database.yml
Connecting to database specified by database.yml
Connecting to database specified by database.yml
Connecting to database specified by database.yml
Connecting to database specified by database.yml
Connecting to database specified by database.yml
Connecting to database specified by database.yml
Connecting to database specified by database.yml
  [1m[36m (256.1ms)[0m  [1mCREATE TABLE "schema_migrations" ("version" character varying(255) NOT NULL) [0m
  [1m[35m (50.3ms)[0m  CREATE UNIQUE INDEX "unique_schema_migrations" ON "schema_migrations" ("version")
  [1m[36m (0.2ms)[0m  [1mSELECT "schema_migrations"."version" FROM "schema_migrations" [0m
Migrating to CreateWards (20130219220528)
  [1m[35m (0.0ms)[0m  BEGIN
  [1m[36m (149.0ms)[0m  [1mCREATE TABLE "wards" ("id" serial primary key, "name" character varying(255), "created_at" timestamp NOT NULL, "updated_at" timestamp NOT NULL) [0m
  [1m[35m (0.2ms)[0m  INSERT INTO "schema_migrations" ("version") VALUES ('20130219220528')
  [1m[36m (9.5ms)[0m  [1mCOMMIT[0m
Migrating to CreateStreets (20130219220559)
  [1m[35m (0.1ms)[0m  BEGIN
  [1m[36m (58.8ms)[0m  [1mCREATE TABLE "streets" ("id" serial primary key, "name" character varying(255), "postcode" character varying(255), "latitude" float, "longitude" float, "dog_foul" float, "vandalism" float, "graffiti" float, "weeds" float, "detritus" float, "fly_posting" float, "bin_count" float, "number_overflowing" float, "smoking" float, "drinks" float, "confectionary" float, "fast_food" float, "pedestrian_individual" float, "business" float, "domestic" float, "construction" float, "animal_faeces" float, "other" float, "ward_id" integer, "created_at" timestamp NOT NULL, "updated_at" timestamp NOT NULL) [0m
  [1m[35m (24.2ms)[0m  CREATE INDEX "index_streets_on_ward_id" ON "streets" ("ward_id")
  [1m[36m (34.2ms)[0m  [1mINSERT INTO "schema_migrations" ("version") VALUES ('20130219220559')[0m
  [1m[35m (16.5ms)[0m  COMMIT
Migrating to CreatePydwgns (20130219220643)
  [1m[36m (0.1ms)[0m  [1mBEGIN[0m
  [1m[35m (34.9ms)[0m  CREATE TABLE "pydwgns" ("id" serial primary key, "name" character varying(255), "value" float, "latitude" float, "longitude" float, "ward_id" integer, "created_at" timestamp NOT NULL, "updated_at" timestamp NOT NULL) 
  [1m[36m (32.5ms)[0m  [1mCREATE INDEX "index_pydwgns_on_ward_id" ON "pydwgns" ("ward_id")[0m
  [1m[35m (0.1ms)[0m  INSERT INTO "schema_migrations" ("version") VALUES ('20130219220643')
  [1m[36m (16.6ms)[0m  [1mCOMMIT[0m
Migrating to CreateVotes (20130219220706)
  [1m[35m (0.1ms)[0m  BEGIN
  [1m[36m (0.2ms)[0m  [1mROLLBACK[0m
Connecting to database specified by database.yml
  [1m[36m (0.2ms)[0m  [1mSELECT "schema_migrations"."version" FROM "schema_migrations" [0m
Migrating to CreateWards (20130219220528)
Migrating to CreateStreets (20130219220559)
Migrating to CreatePydwgns (20130219220643)
Migrating to CreateVotes (20130219220706)
  [1m[35m (0.1ms)[0m  BEGIN
  [1m[36m (42.1ms)[0m  [1mCREATE TABLE "votes" ("id" serial primary key, "isVandilism" boolean, "doodle_id" integer, "created_at" timestamp NOT NULL, "updated_at" timestamp NOT NULL) [0m
  [1m[35m (30.9ms)[0m  CREATE INDEX "index_votes_on_doodle_id" ON "votes" ("doodle_id")
  [1m[36m (0.2ms)[0m  [1mINSERT INTO "schema_migrations" ("version") VALUES ('20130219220706')[0m
  [1m[35m (9.0ms)[0m  COMMIT
Migrating to CreateDoodles (20130219221316)
  [1m[36m (0.1ms)[0m  [1mBEGIN[0m
  [1m[35m (33.2ms)[0m  CREATE TABLE "doodles" ("id" serial primary key, "latitude" float, "longitude" float, "street_id" integer, "created_at" timestamp NOT NULL, "updated_at" timestamp NOT NULL) 
  [1m[36m (32.1ms)[0m  [1mCREATE INDEX "index_doodles_on_street_id" ON "doodles" ("street_id")[0m
  [1m[35m (0.1ms)[0m  INSERT INTO "schema_migrations" ("version") VALUES ('20130219221316')
  [1m[36m (9.8ms)[0m  [1mCOMMIT[0m
Migrating to CreateComments (20130219221350)
  [1m[35m (0.1ms)[0m  BEGIN
  [1m[36m (67.9ms)[0m  [1mCREATE TABLE "comments" ("id" serial primary key, "comment" text, "user" character varying(255), "doodle_id" integer, "created_at" timestamp NOT NULL, "updated_at" timestamp NOT NULL) [0m
  [1m[35m (33.7ms)[0m  CREATE INDEX "index_comments_on_doodle_id" ON "comments" ("doodle_id")
  [1m[36m (0.1ms)[0m  [1mINSERT INTO "schema_migrations" ("version") VALUES ('20130219221350')[0m
  [1m[35m (15.5ms)[0m  COMMIT
Migrating to AddDoodleFileFields (20130219222020)
  [1m[36m (0.1ms)[0m  [1mBEGIN[0m
  [1m[35m (16.2ms)[0m  ALTER TABLE "doodle" ADD COLUMN "image_file_name" character varying(255)
PG::Error: ERROR:  relation "doodle" does not exist
: ALTER TABLE "doodle" ADD COLUMN "image_file_name" character varying(255)
  [1m[36m (0.1ms)[0m  [1mROLLBACK[0m
Connecting to database specified by database.yml
  [1m[36m (0.2ms)[0m  [1mSELECT "schema_migrations"."version" FROM "schema_migrations" [0m
Migrating to CreateWards (20130219220528)
Migrating to CreateStreets (20130219220559)
Migrating to CreatePydwgns (20130219220643)
Migrating to CreateVotes (20130219220706)
Migrating to CreateDoodles (20130219221316)
Migrating to CreateComments (20130219221350)
Migrating to AddDoodleFileFields (20130219222020)
  [1m[35m (0.1ms)[0m  BEGIN
  [1m[36m (0.5ms)[0m  [1mALTER TABLE "doodles" ADD COLUMN "image_file_name" character varying(255)[0m
  [1m[35m (39.4ms)[0m  ALTER TABLE "doodles" ADD COLUMN "image_content_type" character varying(255)
  [1m[36m (0.2ms)[0m  [1mALTER TABLE "doodles" ADD COLUMN "image_file_size" integer[0m
  [1m[35m (0.1ms)[0m  ALTER TABLE "doodles" ADD COLUMN "image_updated_at" timestamp
  [1m[36m (0.3ms)[0m  [1mINSERT INTO "schema_migrations" ("version") VALUES ('20130219222020')[0m
  [1m[35m (10.7ms)[0m  COMMIT
  [1m[36m (0.1ms)[0m  [1mSELECT "schema_migrations"."version" FROM "schema_migrations" [0m


Started GET "/assets/rails.png" for 127.0.0.1 at 2013-02-19 22:24:58 +0000
Connecting to database specified by database.yml
Served asset /rails.png - 200 OK (72ms)


Started GET "/" for 127.0.0.1 at 2013-02-19 22:25:24 +0000

ActionController::RoutingError (No route matches [GET] "/"):
  actionpack (3.2.11) lib/action_dispatch/middleware/debug_exceptions.rb:21:in `call'
  actionpack (3.2.11) lib/action_dispatch/middleware/show_exceptions.rb:56:in `call'
  railties (3.2.11) lib/rails/rack/logger.rb:32:in `call_app'
  railties (3.2.11) lib/rails/rack/logger.rb:16:in `block in call'
  activesupport (3.2.11) lib/active_support/tagged_logging.rb:22:in `tagged'
  railties (3.2.11) lib/rails/rack/logger.rb:16:in `call'
  actionpack (3.2.11) lib/action_dispatch/middleware/request_id.rb:22:in `call'
  rack (1.4.5) lib/rack/methodoverride.rb:21:in `call'
  rack (1.4.5) lib/rack/runtime.rb:17:in `call'
  activesupport (3.2.11) lib/active_support/cache/strategy/local_cache.rb:72:in `call'
  rack (1.4.5) lib/rack/lock.rb:15:in `call'
  actionpack (3.2.11) lib/action_dispatch/middleware/static.rb:62:in `call'
  railties (3.2.11) lib/rails/engine.rb:479:in `call'
  railties (3.2.11) lib/rails/application.rb:223:in `call'
  rack (1.4.5) lib/rack/content_length.rb:14:in `call'
  railties (3.2.11) lib/rails/rack/log_tailer.rb:17:in `call'
  thin (1.5.0) lib/thin/connection.rb:81:in `block in pre_process'
  thin (1.5.0) lib/thin/connection.rb:79:in `catch'
  thin (1.5.0) lib/thin/connection.rb:79:in `pre_process'
  thin (1.5.0) lib/thin/connection.rb:54:in `process'
  thin (1.5.0) lib/thin/connection.rb:39:in `receive_data'
  eventmachine (1.0.0) lib/eventmachine.rb:187:in `run_machine'
  eventmachine (1.0.0) lib/eventmachine.rb:187:in `run'
  thin (1.5.0) lib/thin/backends/base.rb:63:in `start'
  thin (1.5.0) lib/thin/server.rb:159:in `start'
  rack (1.4.5) lib/rack/handler/thin.rb:13:in `run'
  rack (1.4.5) lib/rack/server.rb:268:in `start'
  railties (3.2.11) lib/rails/commands/server.rb:70:in `start'
  railties (3.2.11) lib/rails/commands.rb:55:in `block in <top (required)>'
  railties (3.2.11) lib/rails/commands.rb:50:in `tap'
  railties (3.2.11) lib/rails/commands.rb:50:in `<top (required)>'
  script/rails:6:in `require'
  script/rails:6:in `<main>'


  Rendered /usr/local/rvm/gems/ruby-1.9.2-p318/gems/actionpack-3.2.11/lib/action_dispatch/middleware/templates/rescues/routing_error.erb within rescues/layout (4.6ms)


Started GET "/" for 127.0.0.1 at 2013-02-19 22:26:27 +0000

ActionController::RoutingError (uninitialized constant PydwgnController):
  activesupport (3.2.11) lib/active_support/inflector/methods.rb:230:in `block in constantize'
  activesupport (3.2.11) lib/active_support/inflector/methods.rb:229:in `each'
  activesupport (3.2.11) lib/active_support/inflector/methods.rb:229:in `constantize'
  actionpack (3.2.11) lib/action_dispatch/routing/route_set.rb:69:in `controller_reference'
  actionpack (3.2.11) lib/action_dispatch/routing/route_set.rb:54:in `controller'
  actionpack (3.2.11) lib/action_dispatch/routing/route_set.rb:32:in `call'
  journey (1.0.4) lib/journey/router.rb:68:in `block in call'
  journey (1.0.4) lib/journey/router.rb:56:in `each'
  journey (1.0.4) lib/journey/router.rb:56:in `call'
  actionpack (3.2.11) lib/action_dispatch/routing/route_set.rb:601:in `call'
  actionpack (3.2.11) lib/action_dispatch/middleware/best_standards_support.rb:17:in `call'
  rack (1.4.5) lib/rack/etag.rb:23:in `call'
  rack (1.4.5) lib/rack/conditionalget.rb:25:in `call'
  actionpack (3.2.11) lib/action_dispatch/middleware/head.rb:14:in `call'
  actionpack (3.2.11) lib/action_dispatch/middleware/params_parser.rb:21:in `call'
  actionpack (3.2.11) lib/action_dispatch/middleware/flash.rb:242:in `call'
  rack (1.4.5) lib/rack/session/abstract/id.rb:210:in `context'
  rack (1.4.5) lib/rack/session/abstract/id.rb:205:in `call'
  actionpack (3.2.11) lib/action_dispatch/middleware/cookies.rb:341:in `call'
  activerecord (3.2.11) lib/active_record/query_cache.rb:64:in `call'
  activerecord (3.2.11) lib/active_record/connection_adapters/abstract/connection_pool.rb:479:in `call'
  actionpack (3.2.11) lib/action_dispatch/middleware/callbacks.rb:28:in `block in call'
  activesupport (3.2.11) lib/active_support/callbacks.rb:405:in `_run__3486574505638872910__call__1743129390379742978__callbacks'
  activesupport (3.2.11) lib/active_support/callbacks.rb:405:in `__run_callback'
  activesupport (3.2.11) lib/active_support/callbacks.rb:385:in `_run_call_callbacks'
  activesupport (3.2.11) lib/active_support/callbacks.rb:81:in `run_callbacks'
  actionpack (3.2.11) lib/action_dispatch/middleware/callbacks.rb:27:in `call'
  actionpack (3.2.11) lib/action_dispatch/middleware/reloader.rb:65:in `call'
  actionpack (3.2.11) lib/action_dispatch/middleware/remote_ip.rb:31:in `call'
  actionpack (3.2.11) lib/action_dispatch/middleware/debug_exceptions.rb:16:in `call'
  actionpack (3.2.11) lib/action_dispatch/middleware/show_exceptions.rb:56:in `call'
  railties (3.2.11) lib/rails/rack/logger.rb:32:in `call_app'
  railties (3.2.11) lib/rails/rack/logger.rb:16:in `block in call'
  activesupport (3.2.11) lib/active_support/tagged_logging.rb:22:in `tagged'
  railties (3.2.11) lib/rails/rack/logger.rb:16:in `call'
  actionpack (3.2.11) lib/action_dispatch/middleware/request_id.rb:22:in `call'
  rack (1.4.5) lib/rack/methodoverride.rb:21:in `call'
  rack (1.4.5) lib/rack/runtime.rb:17:in `call'
  activesupport (3.2.11) lib/active_support/cache/strategy/local_cache.rb:72:in `call'
  rack (1.4.5) lib/rack/lock.rb:15:in `call'
  actionpack (3.2.11) lib/action_dispatch/middleware/static.rb:62:in `call'
  railties (3.2.11) lib/rails/engine.rb:479:in `call'
  railties (3.2.11) lib/rails/application.rb:223:in `call'
  rack (1.4.5) lib/rack/content_length.rb:14:in `call'
  railties (3.2.11) lib/rails/rack/log_tailer.rb:17:in `call'
  thin (1.5.0) lib/thin/connection.rb:81:in `block in pre_process'
  thin (1.5.0) lib/thin/connection.rb:79:in `catch'
  thin (1.5.0) lib/thin/connection.rb:79:in `pre_process'
  thin (1.5.0) lib/thin/connection.rb:54:in `process'
  thin (1.5.0) lib/thin/connection.rb:39:in `receive_data'
  eventmachine (1.0.0) lib/eventmachine.rb:187:in `run_machine'
  eventmachine (1.0.0) lib/eventmachine.rb:187:in `run'
  thin (1.5.0) lib/thin/backends/base.rb:63:in `start'
  thin (1.5.0) lib/thin/server.rb:159:in `start'
  rack (1.4.5) lib/rack/handler/thin.rb:13:in `run'
  rack (1.4.5) lib/rack/server.rb:268:in `start'
  railties (3.2.11) lib/rails/commands/server.rb:70:in `start'
  railties (3.2.11) lib/rails/commands.rb:55:in `block in <top (required)>'
  railties (3.2.11) lib/rails/commands.rb:50:in `tap'
  railties (3.2.11) lib/rails/commands.rb:50:in `<top (required)>'
  script/rails:6:in `require'
  script/rails:6:in `<main>'


  Rendered /usr/local/rvm/gems/ruby-1.9.2-p318/gems/actionpack-3.2.11/lib/action_dispatch/middleware/templates/rescues/routing_error.erb within rescues/layout (0.4ms)


Started GET "/" for 127.0.0.1 at 2013-02-19 22:26:36 +0000
Processing by PydwgnsController#index as HTML
  [1m[36mPydwgn Load (0.2ms)[0m  [1mSELECT "pydwgns".* FROM "pydwgns" [0m
  Rendered pydwgns/index.html.erb within layouts/application (1.1ms)
Compiled comments.css  (25ms)  (pid 9929)
Compiled doodles.css  (2ms)  (pid 9929)
Compiled pydwg_ns.css  (2ms)  (pid 9929)
Compiled scaffolds.css  (17ms)  (pid 9929)
Compiled streets.css  (2ms)  (pid 9929)
Compiled votes.css  (2ms)  (pid 9929)
Compiled wards.css  (6ms)  (pid 9929)
Compiled application.css  (254ms)  (pid 9929)
Compiled jquery.js  (2ms)  (pid 9929)
Compiled jquery_ujs.js  (0ms)  (pid 9929)
Compiled comments.js  (524ms)  (pid 9929)
Compiled doodles.js  (108ms)  (pid 9929)
Compiled pydwg_ns.js  (104ms)  (pid 9929)
Compiled streets.js  (139ms)  (pid 9929)
Compiled votes.js  (105ms)  (pid 9929)
Compiled wards.js  (104ms)  (pid 9929)
Compiled application.js  (1330ms)  (pid 9929)
Completed 200 OK in 2077ms (Views: 1974.6ms | ActiveRecord: 34.3ms)


Started GET "/assets/comments.css?body=1" for 127.0.0.1 at 2013-02-19 22:26:38 +0000
Served asset /comments.css - 200 OK (3ms)


Started GET "/assets/doodles.css?body=1" for 127.0.0.1 at 2013-02-19 22:26:38 +0000
Served asset /doodles.css - 200 OK (3ms)


Started GET "/assets/pydwg_ns.css?body=1" for 127.0.0.1 at 2013-02-19 22:26:38 +0000
Served asset /pydwg_ns.css - 200 OK (34ms)


Started GET "/assets/scaffolds.css?body=1" for 127.0.0.1 at 2013-02-19 22:26:38 +0000
Served asset /scaffolds.css - 200 OK (3ms)


Started GET "/assets/streets.css?body=1" for 127.0.0.1 at 2013-02-19 22:26:38 +0000
Served asset /streets.css - 200 OK (3ms)


Started GET "/assets/votes.css?body=1" for 127.0.0.1 at 2013-02-19 22:26:38 +0000
Served asset /votes.css - 200 OK (3ms)


Started GET "/assets/wards.css?body=1" for 127.0.0.1 at 2013-02-19 22:26:38 +0000
Served asset /wards.css - 200 OK (4ms)


Started GET "/assets/jquery.js?body=1" for 127.0.0.1 at 2013-02-19 22:26:38 +0000
Served asset /jquery.js - 200 OK (4ms)


Started GET "/assets/pydwg_ns.js?body=1" for 127.0.0.1 at 2013-02-19 22:26:38 +0000
Served asset /pydwg_ns.js - 200 OK (3ms)


Started GET "/assets/jquery_ujs.js?body=1" for 127.0.0.1 at 2013-02-19 22:26:38 +0000
Served asset /jquery_ujs.js - 200 OK (5ms)


Started GET "/assets/streets.js?body=1" for 127.0.0.1 at 2013-02-19 22:26:39 +0000
Served asset /streets.js - 200 OK (3ms)


Started GET "/assets/comments.js?body=1" for 127.0.0.1 at 2013-02-19 22:26:39 +0000
Served asset /comments.js - 200 OK (4ms)


Started GET "/assets/doodles.js?body=1" for 127.0.0.1 at 2013-02-19 22:26:39 +0000
Served asset /doodles.js - 200 OK (3ms)


Started GET "/assets/votes.js?body=1" for 127.0.0.1 at 2013-02-19 22:26:39 +0000
Served asset /votes.js - 200 OK (3ms)


Started GET "/assets/wards.js?body=1" for 127.0.0.1 at 2013-02-19 22:26:39 +0000
Served asset /wards.js - 200 OK (3ms)


Started GET "/assets/application.js?body=1" for 127.0.0.1 at 2013-02-19 22:26:39 +0000
Served asset /application.js - 200 OK (20ms)


Started GET "/assets/application.css?body=1" for 127.0.0.1 at 2013-02-19 22:26:39 +0000
Served asset /application.css - 200 OK (19ms)


Started GET "/pydwgns/new" for 127.0.0.1 at 2013-02-19 22:34:02 +0000
Processing by PydwgnsController#new as HTML
  Rendered pydwgns/_form.html.erb (120.6ms)
  Rendered pydwgns/new.html.erb within layouts/application (129.8ms)
Completed 200 OK in 163ms (Views: 153.9ms | ActiveRecord: 0.0ms)


Started GET "/assets/application.css?body=1" for 127.0.0.1 at 2013-02-19 22:34:03 +0000
Served asset /application.css - 304 Not Modified (5ms)


Started GET "/assets/comments.css?body=1" for 127.0.0.1 at 2013-02-19 22:34:03 +0000
Served asset /comments.css - 304 Not Modified (0ms)


Started GET "/assets/doodles.css?body=1" for 127.0.0.1 at 2013-02-19 22:34:03 +0000
Served asset /doodles.css - 304 Not Modified (0ms)


Started GET "/assets/pydwg_ns.css?body=1" for 127.0.0.1 at 2013-02-19 22:34:03 +0000
Served asset /pydwg_ns.css - 304 Not Modified (0ms)


Started GET "/assets/scaffolds.css?body=1" for 127.0.0.1 at 2013-02-19 22:34:03 +0000
Served asset /scaffolds.css - 304 Not Modified (0ms)


Started GET "/assets/streets.css?body=1" for 127.0.0.1 at 2013-02-19 22:34:03 +0000
Served asset /streets.css - 304 Not Modified (0ms)


Started GET "/assets/votes.css?body=1" for 127.0.0.1 at 2013-02-19 22:34:03 +0000
Served asset /votes.css - 304 Not Modified (0ms)


Started GET "/assets/wards.css?body=1" for 127.0.0.1 at 2013-02-19 22:34:03 +0000
Served asset /wards.css - 304 Not Modified (0ms)


Started GET "/assets/jquery.js?body=1" for 127.0.0.1 at 2013-02-19 22:34:03 +0000
Served asset /jquery.js - 304 Not Modified (0ms)


Started GET "/assets/jquery_ujs.js?body=1" for 127.0.0.1 at 2013-02-19 22:34:03 +0000
Served asset /jquery_ujs.js - 304 Not Modified (0ms)


Started GET "/assets/comments.js?body=1" for 127.0.0.1 at 2013-02-19 22:34:03 +0000
Served asset /comments.js - 304 Not Modified (0ms)


Started GET "/assets/doodles.js?body=1" for 127.0.0.1 at 2013-02-19 22:34:03 +0000
Served asset /doodles.js - 304 Not Modified (0ms)


Started GET "/assets/pydwg_ns.js?body=1" for 127.0.0.1 at 2013-02-19 22:34:03 +0000
Served asset /pydwg_ns.js - 304 Not Modified (0ms)


Started GET "/assets/streets.js?body=1" for 127.0.0.1 at 2013-02-19 22:34:03 +0000
Served asset /streets.js - 304 Not Modified (0ms)


Started GET "/assets/votes.js?body=1" for 127.0.0.1 at 2013-02-19 22:34:03 +0000
Served asset /votes.js - 304 Not Modified (0ms)


Started GET "/assets/wards.js?body=1" for 127.0.0.1 at 2013-02-19 22:34:03 +0000
Served asset /wards.js - 304 Not Modified (0ms)


Started GET "/assets/application.js?body=1" for 127.0.0.1 at 2013-02-19 22:34:03 +0000
Served asset /application.js - 304 Not Modified (4ms)
